SF:lib\core\failure\failure.dart
DA:3,1
DA:5,0
DA:6,0
LF:3
LH:1
end_of_record
SF:lib\features\article_list_and_details_view\model\article_list_model.dart
DA:3,0
DA:4,0
DA:6,0
DA:14,1
DA:21,0
DA:22,0
DA:23,0
DA:24,0
DA:25,0
DA:26,0
DA:27,0
DA:31,0
DA:32,0
DA:33,0
DA:34,0
DA:35,0
DA:63,1
DA:88,0
DA:94,0
DA:96,0
DA:101,0
DA:103,0
DA:104,0
DA:109,0
DA:113,0
DA:120,0
DA:122,0
DA:127,0
DA:129,0
DA:130,0
DA:135,0
DA:140,0
DA:141,0
DA:142,0
DA:147,0
DA:148,0
DA:149,0
DA:151,0
DA:154,0
DA:155,0
DA:156,0
DA:158,0
DA:170,0
DA:179,0
DA:180,0
DA:181,0
DA:182,0
DA:183,0
DA:184,0
DA:185,0
DA:186,0
DA:190,0
DA:191,0
DA:192,0
DA:193,0
DA:194,0
DA:195,0
DA:196,0
DA:199,0
DA:208,0
DA:215,0
DA:216,0
DA:217,0
DA:218,0
DA:219,0
DA:222,0
DA:223,0
DA:224,0
DA:225,0
DA:226,0
DA:236,0
DA:246,0
DA:248,0
DA:249,0
DA:250,0
LF:75
LH:2
end_of_record
SF:lib\features\article_list_and_details_view\repositories\lastest_article_repository.dart
DA:14,0
DA:19,0
DA:21,0
DA:23,0
DA:24,0
DA:25,0
DA:28,0
DA:30,0
DA:31,0
DA:32,0
DA:33,0
DA:34,0
DA:39,0
DA:40,0
DA:42,0
DA:43,0
DA:48,0
DA:50,0
LF:18
LH:0
end_of_record
SF:lib\features\article_list_and_details_view\repositories\lastest_article_repository.g.dart
DA:9,0
DA:14,2
DA:15,1
LF:3
LH:2
end_of_record
SF:lib\features\article_list_and_details_view\viewmodel\article_viewmodel.dart
DA:11,1
DA:13,4
DA:18,2
DA:20,1
DA:21,1
DA:24,3
DA:25,1
DA:27,1
DA:28,1
DA:29,4
DA:30,3
DA:33,0
DA:37,1
DA:38,1
DA:39,1
DA:42,1
DA:43,4
DA:46,1
DA:47,4
LF:19
LH:18
end_of_record
SF:lib\features\article_list_and_details_view\viewmodel\article_viewmodel.g.dart
DA:9,1
DA:13,2
DA:14,1
LF:3
LH:3
end_of_record
